!SESSION 2019-11-25 21:50:18.906 -----------------------------------------------
eclipse.buildId=4.12.0.I20190605-1800
java.version=1.8.0_144
java.vendor=Oracle Corporation
BootLoader constants: OS=win32, ARCH=x86_64, WS=win32, NL=en_GB
Framework arguments:  -product org.eclipse.epp.package.java.product -product org.eclipse.epp.package.java.product
Command-line arguments:  -os win32 -ws win32 -arch x86_64 -product org.eclipse.epp.package.java.product -data C:\Users\Steven\Desktop\flightBookingSystem -product org.eclipse.epp.package.java.product

!ENTRY org.eclipse.egit.core 1 0 2019-11-25 21:50:21.237
!MESSAGE Using Apache MINA sshd as ssh client.

!ENTRY org.eclipse.egit.ui 2 0 2019-11-25 21:50:27.334
!MESSAGE Warning: The environment variable HOME is not set. The following directory will be used to store the Git
user global configuration and to define the default location to store repositories: 'C:\Users\Steven'. If this is
not correct please set the HOME environment variable and restart Eclipse. Otherwise Git for Windows and
EGit might behave differently since they see different configuration options.
This warning can be switched off on the Team > Git > Confirmations and Warnings preference page.

!ENTRY org.eclipse.jdt.debug 2 0 2019-11-25 21:52:45.198
!MESSAGE Unable to find location of java.lang.Thread.setName() in debuggee JVM, for type java.lang.Thread

!ENTRY org.eclipse.jdt.ui 4 10001 2019-11-26 17:10:30.886
!MESSAGE Internal Error
!STACK 1
Java Model Exception: java.io.IOException: Server returned HTTP response code: 503 for URL: https://docs.oracle.com/pls/rdman/handle404?X_ORCL_404path=%2fjavase%2f8%2fdocs%2fapi%2fjavax%2fpackage-summary.html
	at org.eclipse.jdt.internal.core.JavaElement.getURLContents(JavaElement.java:944)
	at org.eclipse.jdt.internal.core.PackageFragment.getAttachedJavadoc(PackageFragment.java:587)
	at org.eclipse.jdt.internal.ui.text.javadoc.JavadocContentAccess2.getHTMLContent(JavadocContentAccess2.java:2145)
	at org.eclipse.jdt.internal.ui.text.javadoc.JavadocContentAccess2.getHTMLContent(JavadocContentAccess2.java:532)
	at org.eclipse.jdt.internal.ui.text.java.hover.JavadocHover.getHoverInfo(JavadocHover.java:760)
	at org.eclipse.jdt.internal.ui.text.java.hover.JavadocHover.internalGetHoverInfo(JavadocHover.java:678)
	at org.eclipse.jdt.internal.ui.text.java.hover.JavadocHover.getHoverInfo2(JavadocHover.java:670)
	at org.eclipse.jdt.internal.ui.text.java.hover.BestMatchHover.getHoverInfo2(BestMatchHover.java:167)
	at org.eclipse.jdt.internal.ui.text.java.hover.BestMatchHover.getHoverInfo2(BestMatchHover.java:133)
	at org.eclipse.jdt.internal.ui.text.java.hover.JavaEditorTextHoverProxy.getHoverInfo2(JavaEditorTextHoverProxy.java:89)
	at org.eclipse.jface.text.TextViewerHoverManager$4.run(TextViewerHoverManager.java:169)
Caused by: java.io.IOException: Server returned HTTP response code: 503 for URL: https://docs.oracle.com/pls/rdman/handle404?X_ORCL_404path=%2fjavase%2f8%2fdocs%2fapi%2fjavax%2fpackage-summary.html
	at sun.reflect.NativeConstructorAccessorImpl.newInstance0(Native Method)
	at sun.reflect.NativeConstructorAccessorImpl.newInstance(Unknown Source)
	at sun.reflect.DelegatingConstructorAccessorImpl.newInstance(Unknown Source)
	at java.lang.reflect.Constructor.newInstance(Unknown Source)
	at sun.net.www.protocol.http.HttpURLConnection$10.run(Unknown Source)
	at sun.net.www.protocol.http.HttpURLConnection$10.run(Unknown Source)
	at java.security.AccessController.doPrivileged(Native Method)
	at sun.net.www.protocol.http.HttpURLConnection.getChainedException(Unknown Source)
	at sun.net.www.protocol.http.HttpURLConnection.getInputStream0(Unknown Source)
	at sun.net.www.protocol.http.HttpURLConnection.getInputStream(Unknown Source)
	at sun.net.www.protocol.https.HttpsURLConnectionImpl.getInputStream(Unknown Source)
	at org.eclipse.jdt.internal.core.JavaElement.getURLContents(JavaElement.java:878)
	... 10 more
Caused by: java.io.IOException: Server returned HTTP response code: 503 for URL: https://docs.oracle.com/pls/rdman/handle404?X_ORCL_404path=%2fjavase%2f8%2fdocs%2fapi%2fjavax%2fpackage-summary.html
	at sun.net.www.protocol.http.HttpURLConnection.getInputStream0(Unknown Source)
	at sun.net.www.protocol.http.HttpURLConnection.getInputStream(Unknown Source)
	at java.net.HttpURLConnection.getResponseCode(Unknown Source)
	at sun.net.www.protocol.https.HttpsURLConnectionImpl.getResponseCode(Unknown Source)
	at org.eclipse.jdt.internal.core.JavaElement.getURLContents(JavaElement.java:864)
	... 10 more
Caused by: java.io.IOException: Server returned HTTP response code: 503 for URL: https://docs.oracle.com/pls/rdman/handle404?X_ORCL_404path=%2fjavase%2f8%2fdocs%2fapi%2fjavax%2fpackage-summary.html
	at sun.reflect.NativeConstructorAccessorImpl.newInstance0(Native Method)
	at sun.reflect.NativeConstructorAccessorImpl.newInstance(Unknown Source)
	at sun.reflect.DelegatingConstructorAccessorImpl.newInstance(Unknown Source)
	at java.lang.reflect.Constructor.newInstance(Unknown Source)
	at sun.net.www.protocol.http.HttpURLConnection$10.run(Unknown Source)
	at sun.net.www.protocol.http.HttpURLConnection$10.run(Unknown Source)
	at java.security.AccessController.doPrivileged(Native Method)
	at sun.net.www.protocol.http.HttpURLConnection.getChainedException(Unknown Source)
	at sun.net.www.protocol.http.HttpURLConnection.getInputStream0(Unknown Source)
	at sun.net.www.protocol.http.HttpURLConnection.getInputStream(Unknown Source)
	at sun.net.www.protocol.https.HttpsURLConnectionImpl.getInputStream(Unknown Source)
	at org.eclipse.jdt.internal.core.JavaElement.getURLContents(JavaElement.java:878)
	at org.eclipse.jdt.internal.core.PackageFragment.getAttachedJavadoc(PackageFragment.java:587)
	at org.eclipse.jdt.internal.ui.text.javadoc.JavadocContentAccess2.getHTMLContent(JavadocContentAccess2.java:2145)
	at org.eclipse.jdt.internal.ui.text.javadoc.JavadocContentAccess2.getHTMLContent(JavadocContentAccess2.java:532)
	at org.eclipse.jdt.internal.ui.text.java.hover.JavadocHover.getHoverInfo(JavadocHover.java:760)
	at org.eclipse.jdt.internal.ui.text.java.hover.JavadocHover.internalGetHoverInfo(JavadocHover.java:678)
	at org.eclipse.jdt.internal.ui.text.java.hover.JavadocHover.getHoverInfo2(JavadocHover.java:670)
	at org.eclipse.jdt.internal.ui.text.java.hover.BestMatchHover.getHoverInfo2(BestMatchHover.java:167)
	at org.eclipse.jdt.internal.ui.text.java.hover.BestMatchHover.getHoverInfo2(BestMatchHover.java:133)
	at org.eclipse.jdt.internal.ui.text.java.hover.JavaEditorTextHoverProxy.getHoverInfo2(JavaEditorTextHoverProxy.java:89)
	at org.eclipse.jface.text.TextViewerHoverManager$4.run(TextViewerHoverManager.java:169)
Caused by: java.io.IOException: Server returned HTTP response code: 503 for URL: https://docs.oracle.com/pls/rdman/handle404?X_ORCL_404path=%2fjavase%2f8%2fdocs%2fapi%2fjavax%2fpackage-summary.html
	at sun.net.www.protocol.http.HttpURLConnection.getInputStream0(Unknown Source)
	at sun.net.www.protocol.http.HttpURLConnection.getInputStream(Unknown Source)
	at java.net.HttpURLConnection.getResponseCode(Unknown Source)
	at sun.net.www.protocol.https.HttpsURLConnectionImpl.getResponseCode(Unknown Source)
	at org.eclipse.jdt.internal.core.JavaElement.getURLContents(JavaElement.java:864)
	... 10 more
!SUBENTRY 1 org.eclipse.jdt.core 4 985 2019-11-26 17:10:30.891
!MESSAGE Server returned HTTP response code: 503 for URL: https://docs.oracle.com/pls/rdman/handle404?X_ORCL_404path=%2fjavase%2f8%2fdocs%2fapi%2fjavax%2fpackage-summary.html
!STACK 0
java.io.IOException: Server returned HTTP response code: 503 for URL: https://docs.oracle.com/pls/rdman/handle404?X_ORCL_404path=%2fjavase%2f8%2fdocs%2fapi%2fjavax%2fpackage-summary.html
	at sun.reflect.NativeConstructorAccessorImpl.newInstance0(Native Method)
	at sun.reflect.NativeConstructorAccessorImpl.newInstance(Unknown Source)
	at sun.reflect.DelegatingConstructorAccessorImpl.newInstance(Unknown Source)
	at java.lang.reflect.Constructor.newInstance(Unknown Source)
	at sun.net.www.protocol.http.HttpURLConnection$10.run(Unknown Source)
	at sun.net.www.protocol.http.HttpURLConnection$10.run(Unknown Source)
	at java.security.AccessController.doPrivileged(Native Method)
	at sun.net.www.protocol.http.HttpURLConnection.getChainedException(Unknown Source)
	at sun.net.www.protocol.http.HttpURLConnection.getInputStream0(Unknown Source)
	at sun.net.www.protocol.http.HttpURLConnection.getInputStream(Unknown Source)
	at sun.net.www.protocol.https.HttpsURLConnectionImpl.getInputStream(Unknown Source)
	at org.eclipse.jdt.internal.core.JavaElement.getURLContents(JavaElement.java:878)
	at org.eclipse.jdt.internal.core.PackageFragment.getAttachedJavadoc(PackageFragment.java:587)
	at org.eclipse.jdt.internal.ui.text.javadoc.JavadocContentAccess2.getHTMLContent(JavadocContentAccess2.java:2145)
	at org.eclipse.jdt.internal.ui.text.javadoc.JavadocContentAccess2.getHTMLContent(JavadocContentAccess2.java:532)
	at org.eclipse.jdt.internal.ui.text.java.hover.JavadocHover.getHoverInfo(JavadocHover.java:760)
	at org.eclipse.jdt.internal.ui.text.java.hover.JavadocHover.internalGetHoverInfo(JavadocHover.java:678)
	at org.eclipse.jdt.internal.ui.text.java.hover.JavadocHover.getHoverInfo2(JavadocHover.java:670)
	at org.eclipse.jdt.internal.ui.text.java.hover.BestMatchHover.getHoverInfo2(BestMatchHover.java:167)
	at org.eclipse.jdt.internal.ui.text.java.hover.BestMatchHover.getHoverInfo2(BestMatchHover.java:133)
	at org.eclipse.jdt.internal.ui.text.java.hover.JavaEditorTextHoverProxy.getHoverInfo2(JavaEditorTextHoverProxy.java:89)
	at org.eclipse.jface.text.TextViewerHoverManager$4.run(TextViewerHoverManager.java:169)
Caused by: java.io.IOException: Server returned HTTP response code: 503 for URL: https://docs.oracle.com/pls/rdman/handle404?X_ORCL_404path=%2fjavase%2f8%2fdocs%2fapi%2fjavax%2fpackage-summary.html
	at sun.net.www.protocol.http.HttpURLConnection.getInputStream0(Unknown Source)
	at sun.net.www.protocol.http.HttpURLConnection.getInputStream(Unknown Source)
	at java.net.HttpURLConnection.getResponseCode(Unknown Source)
	at sun.net.www.protocol.https.HttpsURLConnectionImpl.getResponseCode(Unknown Source)
	at org.eclipse.jdt.internal.core.JavaElement.getURLContents(JavaElement.java:864)
	... 10 more
!SESSION 2019-11-27 16:33:41.612 -----------------------------------------------
eclipse.buildId=4.12.0.I20190605-1800
java.version=1.8.0_144
java.vendor=Oracle Corporation
BootLoader constants: OS=win32, ARCH=x86_64, WS=win32, NL=en_GB
Framework arguments:  -product org.eclipse.epp.package.java.product
Command-line arguments:  -os win32 -ws win32 -arch x86_64 -product org.eclipse.epp.package.java.product

!ENTRY org.eclipse.egit.core 1 0 2019-11-27 16:33:46.836
!MESSAGE Using Apache MINA sshd as ssh client.

!ENTRY org.eclipse.egit.ui 2 0 2019-11-27 16:33:52.321
!MESSAGE Warning: The environment variable HOME is not set. The following directory will be used to store the Git
user global configuration and to define the default location to store repositories: 'C:\Users\Steven'. If this is
not correct please set the HOME environment variable and restart Eclipse. Otherwise Git for Windows and
EGit might behave differently since they see different configuration options.
This warning can be switched off on the Team > Git > Confirmations and Warnings preference page.
!SESSION 2019-11-27 17:13:56.117 -----------------------------------------------
eclipse.buildId=4.12.0.I20190605-1800
java.version=1.8.0_144
java.vendor=Oracle Corporation
BootLoader constants: OS=win32, ARCH=x86_64, WS=win32, NL=en_GB
Framework arguments:  -product org.eclipse.epp.package.java.product
Command-line arguments:  -os win32 -ws win32 -arch x86_64 -product org.eclipse.epp.package.java.product

!ENTRY org.eclipse.egit.core 1 0 2019-11-27 17:14:10.252
!MESSAGE Using Apache MINA sshd as ssh client.

!ENTRY org.eclipse.egit.ui 2 0 2019-11-27 17:14:14.855
!MESSAGE Warning: The environment variable HOME is not set. The following directory will be used to store the Git
user global configuration and to define the default location to store repositories: 'C:\Users\Steven'. If this is
not correct please set the HOME environment variable and restart Eclipse. Otherwise Git for Windows and
EGit might behave differently since they see different configuration options.
This warning can be switched off on the Team > Git > Confirmations and Warnings preference page.
!SESSION 2019-11-27 17:25:49.274 -----------------------------------------------
eclipse.buildId=4.12.0.I20190605-1800
java.version=1.8.0_144
java.vendor=Oracle Corporation
BootLoader constants: OS=win32, ARCH=x86_64, WS=win32, NL=en_GB
Framework arguments:  -product org.eclipse.epp.package.java.product
Command-line arguments:  -os win32 -ws win32 -arch x86_64 -product org.eclipse.epp.package.java.product

!ENTRY org.eclipse.egit.core 1 0 2019-11-27 17:25:53.642
!MESSAGE Using Apache MINA sshd as ssh client.

!ENTRY org.eclipse.egit.ui 2 0 2019-11-27 17:25:57.682
!MESSAGE Warning: The environment variable HOME is not set. The following directory will be used to store the Git
user global configuration and to define the default location to store repositories: 'C:\Users\Steven'. If this is
not correct please set the HOME environment variable and restart Eclipse. Otherwise Git for Windows and
EGit might behave differently since they see different configuration options.
This warning can be switched off on the Team > Git > Confirmations and Warnings preference page.
!SESSION 2019-11-27 17:27:52.141 -----------------------------------------------
eclipse.buildId=4.12.0.I20190605-1800
java.version=1.8.0_191
java.vendor=Oracle Corporation
BootLoader constants: OS=win32, ARCH=x86_64, WS=win32, NL=en_GB
Framework arguments:  -product org.eclipse.epp.package.java.product
Command-line arguments:  -os win32 -ws win32 -arch x86_64 -product org.eclipse.epp.package.java.product

!ENTRY org.eclipse.egit.core 1 0 2019-11-27 17:28:24.652
!MESSAGE Using Apache MINA sshd as ssh client.

!ENTRY org.eclipse.egit.ui 2 0 2019-11-27 17:28:49.073
!MESSAGE Warning: The environment variable HOME is not set. The following directory will be used to store the Git
user global configuration and to define the default location to store repositories: 'C:\Users\steve'. If this is
not correct please set the HOME environment variable and restart Eclipse. Otherwise Git for Windows and
EGit might behave differently since they see different configuration options.
This warning can be switched off on the Team > Git > Confirmations and Warnings preference page.
!SESSION 2019-11-27 17:41:16.211 -----------------------------------------------
eclipse.buildId=4.12.0.I20190605-1800
java.version=1.8.0_144
java.vendor=Oracle Corporation
BootLoader constants: OS=win32, ARCH=x86_64, WS=win32, NL=en_GB
Framework arguments:  -product org.eclipse.epp.package.java.product
Command-line arguments:  -os win32 -ws win32 -arch x86_64 -product org.eclipse.epp.package.java.product

!ENTRY org.eclipse.core.resources 2 10035 2019-11-27 17:41:18.920
!MESSAGE The workspace exited with unsaved changes in the previous session; refreshing workspace to recover changes.

!ENTRY org.eclipse.egit.core 1 0 2019-11-27 17:41:21.488
!MESSAGE Using Apache MINA sshd as ssh client.

!ENTRY org.eclipse.egit.ui 2 0 2019-11-27 17:41:25.794
!MESSAGE Warning: The environment variable HOME is not set. The following directory will be used to store the Git
user global configuration and to define the default location to store repositories: 'C:\Users\Steven'. If this is
not correct please set the HOME environment variable and restart Eclipse. Otherwise Git for Windows and
EGit might behave differently since they see different configuration options.
This warning can be switched off on the Team > Git > Confirmations and Warnings preference page.

!ENTRY org.eclipse.jface.text 4 0 2019-11-27 17:57:55.905
!MESSAGE Unexpected runtime error while computing a text hover
!STACK 0
org.eclipse.swt.SWTException: i/o error (java.io.FileNotFoundException: C:\Users\Steven\OneDrive\Course Work\Year 2\Semester 1\Databases\Database Project\flightBookingSystem\.metadata\.plugins\org.eclipse.jdt.ui\jdt-images\1.png (The system cannot find the path specified))
	at org.eclipse.swt.SWT.error(SWT.java:4699)
	at org.eclipse.swt.SWT.error(SWT.java:4614)
	at org.eclipse.swt.graphics.ImageLoader.save(ImageLoader.java:266)
	at org.eclipse.jdt.internal.ui.viewsupport.ImagesOnFileSystemRegistry.getImageURL(ImagesOnFileSystemRegistry.java:107)
	at org.eclipse.jdt.internal.ui.viewsupport.ImagesOnFileSystemRegistry.getImageURL(ImagesOnFileSystemRegistry.java:88)
	at org.eclipse.jdt.internal.ui.text.java.hover.JavadocHover.getImageURL(JavadocHover.java:943)
	at org.eclipse.jdt.internal.ui.text.java.hover.JavadocHover.getImageAndLabel(JavadocHover.java:1101)
	at org.eclipse.jdt.internal.ui.text.java.hover.JavadocHover.getInfoText(JavadocHover.java:844)
	at org.eclipse.jdt.internal.ui.text.java.hover.JavadocHover.getHoverInfo(JavadocHover.java:755)
	at org.eclipse.jdt.internal.ui.text.java.hover.JavadocHover.internalGetHoverInfo(JavadocHover.java:678)
	at org.eclipse.jdt.internal.ui.text.java.hover.JavadocHover.getHoverInfo2(JavadocHover.java:670)
	at org.eclipse.jdt.internal.ui.text.java.hover.BestMatchHover.getHoverInfo2(BestMatchHover.java:167)
	at org.eclipse.jdt.internal.ui.text.java.hover.BestMatchHover.getHoverInfo2(BestMatchHover.java:133)
	at org.eclipse.jdt.internal.ui.text.java.hover.JavaEditorTextHoverProxy.getHoverInfo2(JavaEditorTextHoverProxy.java:89)
	at org.eclipse.jface.text.TextViewerHoverManager$4.run(TextViewerHoverManager.java:169)
Caused by: java.io.FileNotFoundException: C:\Users\Steven\OneDrive\Course Work\Year 2\Semester 1\Databases\Database Project\flightBookingSystem\.metadata\.plugins\org.eclipse.jdt.ui\jdt-images\1.png (The system cannot find the path specified)
	at java.io.FileOutputStream.open0(Native Method)
	at java.io.FileOutputStream.open(Unknown Source)
	at java.io.FileOutputStream.<init>(Unknown Source)
	at java.io.FileOutputStream.<init>(Unknown Source)
	at org.eclipse.swt.graphics.ImageLoader.save(ImageLoader.java:264)
	... 12 more

!ENTRY org.eclipse.jface.text 4 0 2019-11-27 17:58:00.028
!MESSAGE Unexpected runtime error while computing a text hover
!STACK 0
org.eclipse.swt.SWTException: i/o error (java.io.FileNotFoundException: C:\Users\Steven\OneDrive\Course Work\Year 2\Semester 1\Databases\Database Project\flightBookingSystem\.metadata\.plugins\org.eclipse.jdt.ui\jdt-images\2.png (The system cannot find the path specified))
	at org.eclipse.swt.SWT.error(SWT.java:4699)
	at org.eclipse.swt.SWT.error(SWT.java:4614)
	at org.eclipse.swt.graphics.ImageLoader.save(ImageLoader.java:266)
	at org.eclipse.jdt.internal.ui.viewsupport.ImagesOnFileSystemRegistry.getImageURL(ImagesOnFileSystemRegistry.java:107)
	at org.eclipse.jdt.internal.ui.viewsupport.ImagesOnFileSystemRegistry.getImageURL(ImagesOnFileSystemRegistry.java:88)
	at org.eclipse.jdt.internal.ui.text.java.hover.JavadocHover.getImageURL(JavadocHover.java:943)
	at org.eclipse.jdt.internal.ui.text.java.hover.JavadocHover.getImageAndLabel(JavadocHover.java:1101)
	at org.eclipse.jdt.internal.ui.text.java.hover.JavadocHover.getInfoText(JavadocHover.java:844)
	at org.eclipse.jdt.internal.ui.text.java.hover.JavadocHover.getHoverInfo(JavadocHover.java:755)
	at org.eclipse.jdt.internal.ui.text.java.hover.JavadocHover.internalGetHoverInfo(JavadocHover.java:678)
	at org.eclipse.jdt.internal.ui.text.java.hover.JavadocHover.getHoverInfo2(JavadocHover.java:670)
	at org.eclipse.jdt.internal.ui.text.java.hover.BestMatchHover.getHoverInfo2(BestMatchHover.java:167)
	at org.eclipse.jdt.internal.ui.text.java.hover.BestMatchHover.getHoverInfo2(BestMatchHover.java:133)
	at org.eclipse.jdt.internal.ui.text.java.hover.JavaEditorTextHoverProxy.getHoverInfo2(JavaEditorTextHoverProxy.java:89)
	at org.eclipse.jface.text.TextViewerHoverManager$4.run(TextViewerHoverManager.java:169)
Caused by: java.io.FileNotFoundException: C:\Users\Steven\OneDrive\Course Work\Year 2\Semester 1\Databases\Database Project\flightBookingSystem\.metadata\.plugins\org.eclipse.jdt.ui\jdt-images\2.png (The system cannot find the path specified)
	at java.io.FileOutputStream.open0(Native Method)
	at java.io.FileOutputStream.open(Unknown Source)
	at java.io.FileOutputStream.<init>(Unknown Source)
	at java.io.FileOutputStream.<init>(Unknown Source)
	at org.eclipse.swt.graphics.ImageLoader.save(ImageLoader.java:264)
	... 12 more
!SESSION 2019-11-27 17:58:47.158 -----------------------------------------------
eclipse.buildId=4.12.0.I20190605-1800
java.version=1.8.0_191
java.vendor=Oracle Corporation
BootLoader constants: OS=win32, ARCH=x86_64, WS=win32, NL=en_GB
Framework arguments:  -product org.eclipse.epp.package.java.product
Command-line arguments:  -os win32 -ws win32 -arch x86_64 -product org.eclipse.epp.package.java.product

!ENTRY org.eclipse.egit.core 1 0 2019-11-27 17:58:58.404
!MESSAGE Using Apache MINA sshd as ssh client.

!ENTRY org.eclipse.egit.ui 2 0 2019-11-27 17:59:14.629
!MESSAGE Warning: The environment variable HOME is not set. The following directory will be used to store the Git
user global configuration and to define the default location to store repositories: 'C:\Users\steve'. If this is
not correct please set the HOME environment variable and restart Eclipse. Otherwise Git for Windows and
EGit might behave differently since they see different configuration options.
This warning can be switched off on the Team > Git > Confirmations and Warnings preference page.
